Machine-level Assembler Version 6.3    Wed Nov 04 20:02:29 2020

  LOC    OBJ   SOURCE
hex*dec

0  *0    E000  main:	call sub
1  *1    1005  	st total
2  *2    FFFF  	halt
3  *3    0011  x:	dw 17
4  *4    0003  Y:	dw 3
5  *5    0000  total:  dw 0
                       public Y
                       public x
               	extern sub
                       end main
6  *6    ========= end of main.mas ===============================


         Symbol/Cross-Reference Table

Symbol                   Address     References
                          (hex)       (hex)

 main                      0           6  
 x                         3           6  
 Y                         4           6  
 total                     5           1  
 sub                       ext         6   0  

Input file   = main.mas
Output file  = main.mob
List file    = main.lst 
Number base  = decimal
Label status = case sensitive
