Machine-level Assembler Version 6.3    Wed Nov 04 19:54:22 2020

  LOC    OBJ   SOURCE
hex*dec

0  *0    000A  loop:		ld x
1  *1    200B  		add y
2  *2    100A  		st x
3  *3    000C  		ld count
4  *4    300D  		sub @1
5  *5    100C  		st count
6  *6    D000  		jnz loop
7  *7    200D  		add @1
8  *8    100C  		st count
9  *9    FFFF  		halt
A  *10   0004  x:		dw 4
B  *11   0002  y:		dw 2
C  *12   0005  count:		dw 5
D  *13   0001  @1:		dw 1
E  *14   ========= end of loop.mas ===============================


         Symbol/Cross-Reference Table

Symbol                   Address     References
                          (hex)       (hex)

 loop                      0           6  
 x                         A           0   2  
 y                         B           1  
 count                     C           3   5   8  
 @1                        D           4   7  

Input file   = loop.mas
Output file  = loop.mac
List file    = loop.lst 
Number base  = decimal
Label status = case sensitive
